#
# There is insufficient memory for the Java Runtime Environment to continue.
# Native memory allocation (mmap) failed to map 60817408 bytes for committing reserved memory.
# Possible reasons:
#   The system is out of physical RAM or swap space
#   The process is running with CompressedOops enabled, and the Java Heap may be blocking the growth of the native heap
# Possible solutions:
#   Reduce memory load on the system
#   Increase physical memory or swap space
#   Check if swap backing store is full
#   Decrease Java heap size (-Xmx/-Xms)
#   Decrease number of Java threads
#   Decrease Java thread stack sizes (-Xss)
#   Set larger code cache with -XX:ReservedCodeCacheSize=
#   JVM is running with Zero Based Compressed Oops mode in which the Java heap is
#     placed in the first 32GB address space. The Java Heap base address is the
#     maximum limit for the native heap growth. Please use -XX:HeapBaseMinAddress
#     to set the Java Heap base and to place the Java Heap above 32GB virtual address.
# This output file may be truncated or incomplete.
#
#  Out of Memory Error (os_linux.cpp:2757), pid=55982, tid=0x00007f8137afa700
#
# JRE version: OpenJDK Runtime Environment (8.0_242-b08) (build 1.8.0_242-8u242-b08-1~deb9u1-b08)
# Java VM: OpenJDK 64-Bit Server VM (25.242-b08 mixed mode linux-amd64 compressed oops)
# Failed to write core dump. Core dumps have been disabled. To enable core dumping, try "ulimit -c unlimited" before starting Java again
#

---------------  T H R E A D  ---------------

Current thread (0x00007f814c0f9000):  VMThread [stack: 0x00007f81379fb000,0x00007f8137afb000] [id=55986]

Stack: [0x00007f81379fb000,0x00007f8137afb000],  sp=0x00007f8137af94d0,  free space=1017k
Native frames: (J=compiled Java code, j=interpreted, Vv=VM code, C=native code)
V  [libjvm.so+0xa7f540]
V  [libjvm.so+0x4cd76c]
V  [libjvm.so+0x8cd738]
V  [libjvm.so+0x8c4a3e]
V  [libjvm.so+0x942c5e]
V  [libjvm.so+0x943fe3]
V  [libjvm.so+0x940639]
V  [libjvm.so+0x9408dc]
V  [libjvm.so+0x8f2183]
V  [libjvm.so+0xa81292]
V  [libjvm.so+0xa863e7]
V  [libjvm.so+0xa83be7]
V  [libjvm.so+0xa84ec6]
V  [libjvm.so+0xa853f2]
V  [libjvm.so+0x8cab22]

VM_Operation (0x00007f80eebe8570): ParallelGCFailedAllocation, mode: safepoint, requested by thread 0x00007f80f0c44800


---------------  P R O C E S S  ---------------

Java Threads: ( => current thread )
  0x00007f80f0c44800 JavaThread "Server-Worker-1357" daemon [_thread_blocked, id=109914, stack(0x00007f80eeae9000,0x00007f80eebea000)]
  0x00007f811800c800 JavaThread "Netty Epoll Server IO #3" daemon [_thread_in_native, id=56384, stack(0x00007f80ef9fc000,0x00007f80efafd000)]
  0x00007f811800b800 JavaThread "Netty Epoll Server IO #2" daemon [_thread_blocked, id=56289, stack(0x00007f80ee9e8000,0x00007f80eeae9000)]
  0x00007f811800a800 JavaThread "Netty Epoll Server IO #1" daemon [_thread_blocked, id=56286, stack(0x00007f8135d48000,0x00007f8135e49000)]
  0x00007f80f052d800 JavaThread "Server Watchdog" daemon [_thread_blocked, id=56066, stack(0x00007f80ee3e6000,0x00007f80ee4e7000)]
  0x00007f80f0bec800 JavaThread "poi IO worker" [_thread_blocked, id=56038, stack(0x00007f80ef3ec000,0x00007f80ef4ed000)]
  0x00007f80f0bbf000 JavaThread "chunk IO worker" [_thread_blocked, id=56037, stack(0x00007f80efafd000,0x00007f80efbfe000)]
  0x00007f80f0217000 JavaThread "Thread-6" daemon [_thread_in_native, id=56034, stack(0x00007f80eefea000,0x00007f80ef0eb000)]
  0x00007f80f01d5800 JavaThread "Netty Epoll Server IO #0" daemon [_thread_blocked, id=56033, stack(0x00007f80ef0eb000,0x00007f80ef1ec000)]
  0x00007f80f0110000 JavaThread "ObjectCleanerThread" daemon [_thread_blocked, id=56032, stack(0x00007f80ef8fb000,0x00007f80ef9fc000)]
  0x00007f80f0049800 JavaThread "Server console handler" daemon [_thread_blocked, id=56015, stack(0x00007f80efdfe000,0x00007f80efeff000)]
  0x00007f814c008800 JavaThread "DestroyJavaVM" [_thread_blocked, id=55983, stack(0x00007f8155d0f000,0x00007f8155e0f000)]
  0x00007f814d634800 JavaThread "Server thread" [_thread_blocked, id=56014, stack(0x00007f80efeff000,0x00007f80f0000000)]
  0x00007f814ce1e800 JavaThread "Server Infinisleeper" daemon [_thread_blocked, id=56013, stack(0x00007f80fc0fe000,0x00007f80fc1ff000)]
  0x00007f814d631000 JavaThread "Snooper Timer" daemon [_thread_blocked, id=56012, stack(0x00007f8134068000,0x00007f8134169000)]
  0x00007f814cc05800 JavaThread "pool-2-thread-1" daemon [_thread_blocked, id=56004, stack(0x00007f8134def000,0x00007f8134ef0000)]
  0x00007f814c86c000 JavaThread "Thread-2" daemon [_thread_in_native, id=56003, stack(0x00007f8135519000,0x00007f813561a000)]
  0x00007f814c864000 JavaThread "Thread-1" daemon [_thread_blocked, id=56002, stack(0x00007f813561a000,0x00007f813571b000)]
  0x00007f814c154000 JavaThread "Service Thread" daemon [_thread_blocked, id=55992, stack(0x00007f81372c4000,0x00007f81373c5000)]
  0x00007f814c13f000 JavaThread "C1 CompilerThread1" daemon [_thread_blocked, id=55991, stack(0x00007f81373c6000,0x00007f81374c6000)]
  0x00007f814c13c800 JavaThread "C2 CompilerThread0" daemon [_thread_blocked, id=55990, stack(0x00007f81374c7000,0x00007f81375c7000)]
  0x00007f814c13a800 JavaThread "Signal Dispatcher" daemon [_thread_blocked, id=55989, stack(0x00007f81375c7000,0x00007f81376c8000)]
  0x00007f814c107800 JavaThread "Finalizer" daemon [_thread_blocked, id=55988, stack(0x00007f81377f8000,0x00007f81378f9000)]
  0x00007f814c103000 JavaThread "Reference Handler" daemon [_thread_blocked, id=55987, stack(0x00007f81378f9000,0x00007f81379fa000)]

Other Threads:
=>0x00007f814c0f9000 VMThread [stack: 0x00007f81379fb000,0x00007f8137afb000] [id=55986]
  0x00007f814c15e800 WatcherThread [stack: 0x00007f81371c4000,0x00007f81372c4000] [id=55993]

VM state:at safepoint (normal execution)

VM Mutex/Monitor currently owned by a thread:  ([mutex/lock_event])
[0x00007f814c006ee0] Threads_lock - owner thread: 0x00007f814c0f9000
[0x00007f814c0073e0] Heap_lock - owner thread: 0x00007f80f0c44800

heap address: 0x00000005c0000000, size: 8192 MB, Compressed Oops mode: Zero based, Oop shift amount: 3
Narrow klass base: 0x0000000000000000, Narrow klass shift: 3
Compressed class space size: 1073741824 Address: 0x00000007c0000000

Heap:
 PSYoungGen      total 2343936K, used 78736K [0x0000000715580000, 0x00000007aba00000, 0x00000007c0000000)
  eden space 2235392K, 0% used [0x0000000715580000,0x0000000715580000,0x000000079dc80000)
  from space 108544K, 72% used [0x000000079dc80000,0x00000007a29643f0,0x00000007a4680000)
  to   space 103424K, 0% used [0x00000007a4680000,0x00000007a4680000,0x00000007aab80000)
 ParOldGen       total 5592576K, used 4983266K [0x00000005c0000000, 0x0000000715580000, 0x0000000715580000)
  object space 5592576K, 89% used [0x00000005c0000000,0x00000006f02788c8,0x0000000715580000)
 Metaspace       used 79769K, capacity 90795K, committed 91008K, reserved 1126400K
  class space    used 10928K, capacity 13337K, committed 13440K, reserved 1048576K

Card table byte_map: [0x00007f8151c0a000,0x00007f8152c0b000] byte_map_base: 0x00007f814ee0a000

Marking Bits: (ParMarkBitMap*) 0x00007f8154ff15c0
 Begin Bits: [0x00007f8120000000, 0x00007f8128000000)
 End Bits:   [0x00007f8128000000, 0x00007f8130000000)

Polling page: 0x00007f8155e19000

CodeCache: size=245760Kb used=75625Kb max_used=75654Kb free=170134Kb
 bounds [0x00007f813d000000, 0x00007f8141ac0000, 0x00007f814c000000]
 total_blobs=21299 nmethods=20356 adapters=850
 compilation: enabled

Compilation events (10 events):
Event: 96039.817 Thread 0x00007f814c13f000 36309       3       net.minecraft.entity.EntitySpawnPlacementRegistry$$Lambda$4018/1967613103::test (11 bytes)
Event: 96039.817 Thread 0x00007f814c13f000 nmethod 36309 0x00007f813e12e710 code [0x00007f813e12e880, 0x00007f813e12ea08]
Event: 96042.098 Thread 0x00007f814c13c800 36310       4       net.minecraft.entity.ai.goal.BreedGoal::<init> (42 bytes)
Event: 96042.119 Thread 0x00007f814c13c800 nmethod 36310 0x00007f8140721a10 code [0x00007f8140721d20, 0x00007f81407228f0]
Event: 96048.479 Thread 0x00007f814c13f000 36311       3       net.minecraft.entity.passive.FoxEntity$AlertablePredicate::test (9 bytes)
Event: 96048.480 Thread 0x00007f814c13f000 nmethod 36311 0x00007f813f247410 code [0x00007f813f247580, 0x00007f813f2477e8]
Event: 96056.432 Thread 0x00007f814c13c800 36312       4       net.minecraft.entity.passive.FoxEntity$$Lambda$4472/736556180::test (8 bytes)
Event: 96056.434 Thread 0x00007f814c13c800 nmethod 36312 0x00007f813dc42450 code [0x00007f813dc425a0, 0x00007f813dc42678]
Event: 96058.975 Thread 0x00007f814c13f000 36313       3       net.minecraft.entity.EntitySpawnPlacementRegistry$$Lambda$4036/1091103035::test (11 bytes)
Event: 96058.976 Thread 0x00007f814c13f000 nmethod 36313 0x00007f813f6c45d0 code [0x00007f813f6c4740, 0x00007f813f6c48c8]

GC Heap History (10 events):
Event: 96028.319 GC heap after
Heap after GC invocations=5599 (full 3):
 PSYoungGen      total 2232832K, used 61408K [0x0000000715580000, 0x00000007a3b80000, 0x00000007c0000000)
  eden space 2139136K, 0% used [0x0000000715580000,0x0000000715580000,0x0000000797e80000)
  from space 93696K, 65% used [0x000000079dc00000,0x00000007a17f8108,0x00000007a3780000)
  to   space 95744K, 0% used [0x0000000797e80000,0x0000000797e80000,0x000000079dc00000)
 ParOldGen       total 5592576K, used 4973033K [0x00000005c0000000, 0x0000000715580000, 0x0000000715580000)
  object space 5592576K, 88% used [0x00000005c0000000,0x00000006ef87a678,0x0000000715580000)
 Metaspace       used 79767K, capacity 90787K, committed 91008K, reserved 1126400K
  class space    used 10928K, capacity 13337K, committed 13440K, reserved 1048576K
}
Event: 96035.495 GC heap before
{Heap before GC invocations=5600 (full 3):
 PSYoungGen      total 2232832K, used 2200544K [0x0000000715580000, 0x00000007a3b80000, 0x00000007c0000000)
  eden space 2139136K, 100% used [0x0000000715580000,0x0000000797e80000,0x0000000797e80000)
  from space 93696K, 65% used [0x000000079dc00000,0x00000007a17f8108,0x00000007a3780000)
  to   space 95744K, 0% used [0x0000000797e80000,0x0000000797e80000,0x000000079dc00000)
 ParOldGen       total 5592576K, used 4973033K [0x00000005c0000000, 0x0000000715580000, 0x0000000715580000)
  object space 5592576K, 88% used [0x00000005c0000000,0x00000006ef87a678,0x0000000715580000)
 Metaspace       used 79767K, capacity 90787K, committed 91008K, reserved 1126400K
  class space    used 10928K, capacity 13337K, committed 13440K, reserved 1048576K
Event: 96035.579 GC heap after
Heap after GC invocations=5600 (full 3):
 PSYoungGen      total 2234880K, used 63712K [0x0000000715580000, 0x00000007a6d00000, 0x00000007c0000000)
  eden space 2139136K, 0% used [0x0000000715580000,0x0000000715580000,0x0000000797e80000)
  from space 95744K, 66% used [0x0000000797e80000,0x000000079bcb80d8,0x000000079dc00000)
  to   space 97280K, 0% used [0x00000007a0e00000,0x00000007a0e00000,0x00000007a6d00000)
 ParOldGen       total 5592576K, used 4973145K [0x00000005c0000000, 0x0000000715580000, 0x0000000715580000)
  object space 5592576K, 88% used [0x00000005c0000000,0x00000006ef896678,0x0000000715580000)
 Metaspace       used 79767K, capacity 90787K, committed 91008K, reserved 1126400K
  class space    used 10928K, capacity 13337K, committed 13440K, reserved 1048576K
}
Event: 96042.389 GC heap before
{Heap before GC invocations=5601 (full 3):
 PSYoungGen      total 2234880K, used 2202848K [0x0000000715580000, 0x00000007a6d00000, 0x00000007c0000000)
  eden space 2139136K, 100% used [0x0000000715580000,0x0000000797e80000,0x0000000797e80000)
  from space 95744K, 66% used [0x0000000797e80000,0x000000079bcb80d8,0x000000079dc00000)
  to   space 97280K, 0% used [0x00000007a0e00000,0x00000007a0e00000,0x00000007a6d00000)
 ParOldGen       total 5592576K, used 4973145K [0x00000005c0000000, 0x0000000715580000, 0x0000000715580000)
  object space 5592576K, 88% used [0x00000005c0000000,0x00000006ef896678,0x0000000715580000)
 Metaspace       used 79768K, capacity 90791K, committed 91008K, reserved 1126400K
  class space    used 10928K, capacity 13337K, committed 13440K, reserved 1048576K
Event: 96042.503 GC heap after
Heap after GC invocations=5601 (full 3):
 PSYoungGen      total 2283520K, used 66432K [0x0000000715580000, 0x00000007a7500000, 0x00000007c0000000)
  eden space 2186240K, 0% used [0x0000000715580000,0x0000000715580000,0x000000079ac80000)
  from space 97280K, 68% used [0x00000007a0e00000,0x00000007a4ee00d8,0x00000007a6d00000)
  to   space 99840K, 0% used [0x000000079ac80000,0x000000079ac80000,0x00000007a0e00000)
 ParOldGen       total 5592576K, used 4973257K [0x00000005c0000000, 0x0000000715580000, 0x0000000715580000)
  object space 5592576K, 88% used [0x00000005c0000000,0x00000006ef8b2678,0x0000000715580000)
 Metaspace       used 79768K, capacity 90791K, committed 91008K, reserved 1126400K
  class space    used 10928K, capacity 13337K, committed 13440K, reserved 1048576K
}
Event: 96049.112 GC heap before
{Heap before GC invocations=5602 (full 3):
 PSYoungGen      total 2283520K, used 2252672K [0x0000000715580000, 0x00000007a7500000, 0x00000007c0000000)
  eden space 2186240K, 100% used [0x0000000715580000,0x000000079ac80000,0x000000079ac80000)
  from space 97280K, 68% used [0x00000007a0e00000,0x00000007a4ee00d8,0x00000007a6d00000)
  to   space 99840K, 0% used [0x000000079ac80000,0x000000079ac80000,0x00000007a0e00000)
 ParOldGen       total 5592576K, used 4973257K [0x00000005c0000000, 0x0000000715580000, 0x0000000715580000)
  object space 5592576K, 88% used [0x00000005c0000000,0x00000006ef8b2678,0x0000000715580000)
 Metaspace       used 79768K, capacity 90791K, committed 91008K, reserved 1126400K
  class space    used 10928K, capacity 13337K, committed 13440K, reserved 1048576K
Event: 96049.209 GC heap after
Heap after GC invocations=5602 (full 3):
 PSYoungGen      total 2286080K, used 72384K [0x0000000715580000, 0x00000007aab80000, 0x00000007c0000000)
  eden space 2186240K, 0% used [0x0000000715580000,0x0000000715580000,0x000000079ac80000)
  from space 99840K, 72% used [0x000000079ac80000,0x000000079f3300d8,0x00000007a0e00000)
  to   space 103424K, 0% used [0x00000007a4680000,0x00000007a4680000,0x00000007aab80000)
 ParOldGen       total 5592576K, used 4975098K [0x00000005c0000000, 0x0000000715580000, 0x0000000715580000)
  object space 5592576K, 88% used [0x00000005c0000000,0x00000006efa7eb58,0x0000000715580000)
 Metaspace       used 79768K, capacity 90791K, committed 91008K, reserved 1126400K
  class space    used 10928K, capacity 13337K, committed 13440K, reserved 1048576K
}
Event: 96055.819 GC heap before
{Heap before GC invocations=5603 (full 3):
 PSYoungGen      total 2286080K, used 2258624K [0x0000000715580000, 0x00000007aab80000, 0x00000007c0000000)
  eden space 2186240K, 100% used [0x0000000715580000,0x000000079ac80000,0x000000079ac80000)
  from space 99840K, 72% used [0x000000079ac80000,0x000000079f3300d8,0x00000007a0e00000)
  to   space 103424K, 0% used [0x00000007a4680000,0x00000007a4680000,0x00000007aab80000)
 ParOldGen       total 5592576K, used 4975098K [0x00000005c0000000, 0x0000000715580000, 0x0000000715580000)
  object space 5592576K, 88% used [0x00000005c0000000,0x00000006efa7eb58,0x0000000715580000)
 Metaspace       used 79768K, capacity 90791K, committed 91008K, reserved 1126400K
  class space    used 10928K, capacity 13337K, committed 13440K, reserved 1048576K
Event: 96055.948 GC heap after
Heap after GC invocations=5603 (full 3):
 PSYoungGen      total 2338816K, used 79168K [0x0000000715580000, 0x00000007aba00000, 0x00000007c0000000)
  eden space 2235392K, 0% used [0x0000000715580000,0x0000000715580000,0x000000079dc80000)
  from space 103424K, 76% used [0x00000007a4680000,0x00000007a93d00d8,0x00000007aab80000)
  to   space 108544K, 0% used [0x000000079dc80000,0x000000079dc80000,0x00000007a4680000)
 ParOldGen       total 5592576K, used 4978176K [0x00000005c0000000, 0x0000000715580000, 0x0000000715580000)
  object space 5592576K, 89% used [0x00000005c0000000,0x00000006efd80288,0x0000000715580000)
 Metaspace       used 79768K, capacity 90791K, committed 91008K, reserved 1126400K
  class space    used 10928K, capacity 13337K, committed 13440K, reserved 1048576K
}
Event: 96062.904 GC heap before
{Heap before GC invocations=5604 (full 3):
 PSYoungGen      total 2338816K, used 2314560K [0x0000000715580000, 0x00000007aba00000, 0x00000007c0000000)
  eden space 2235392K, 100% used [0x0000000715580000,0x000000079dc80000,0x000000079dc80000)
  from space 103424K, 76% used [0x00000007a4680000,0x00000007a93d00d8,0x00000007aab80000)
  to   space 108544K, 0% used [0x000000079dc80000,0x000000079dc80000,0x00000007a4680000)
 ParOldGen       total 5592576K, used 4978176K [0x00000005c0000000, 0x0000000715580000, 0x0000000715580000)
  object space 5592576K, 89% used [0x00000005c0000000,0x00000006efd80288,0x0000000715580000)
 Metaspace       used 79769K, capacity 90795K, committed 91008K, reserved 1126400K
  class space    used 10928K, capacity 13337K, committed 13440K, reserved 1048576K

Deoptimization events (10 events):
Event: 95341.244 Thread 0x00007f80f0c44800 Uncommon trap: reason=unstable_if action=reinterpret pc=0x00007f813fc91d68 method=net.minecraft.util.math.shapes.VoxelShapes.func_197879_c(Lnet/minecraft/util/math/shapes/VoxelShape;Lnet/minecraft/util/math/shapes/VoxelShape;Lnet/minecraft/util/math/shape
Event: 95397.804 Thread 0x00007f80f0c44800 Uncommon trap: reason=unstable_if action=reinterpret pc=0x00007f81418716f8 method=net.minecraft.world.gen.feature.DarkOakTreeFeature.func_225557_a_(Lnet/minecraft/world/gen/IWorldGenerationReader;Ljava/util/Random;Lnet/minecraft/util/math/BlockPos;Ljava/u
Event: 95406.246 Thread 0x00007f80f0c44800 Uncommon trap: reason=class_check action=maybe_recompile pc=0x00007f81411f483c method=net.minecraft.world.gen.feature.template.RuleStructureProcessor.func_215194_a(Lnet/minecraft/world/IWorldReader;Lnet/minecraft/util/math/BlockPos;Lnet/minecraft/world/ge
Event: 95406.246 Thread 0x00007f80f0c44800 Uncommon trap: reason=class_check action=maybe_recompile pc=0x00007f81411f483c method=net.minecraft.world.gen.feature.template.RuleStructureProcessor.func_215194_a(Lnet/minecraft/world/IWorldReader;Lnet/minecraft/util/math/BlockPos;Lnet/minecraft/world/ge
Event: 95406.246 Thread 0x00007f80f0c44800 Uncommon trap: reason=class_check action=maybe_recompile pc=0x00007f81411f483c method=net.minecraft.world.gen.feature.template.RuleStructureProcessor.func_215194_a(Lnet/minecraft/world/IWorldReader;Lnet/minecraft/util/math/BlockPos;Lnet/minecraft/world/ge
Event: 95406.246 Thread 0x00007f80f0c44800 Uncommon trap: reason=class_check action=maybe_recompile pc=0x00007f81411f483c method=net.minecraft.world.gen.feature.template.RuleStructureProcessor.func_215194_a(Lnet/minecraft/world/IWorldReader;Lnet/minecraft/util/math/BlockPos;Lnet/minecraft/world/ge
Event: 95408.019 Thread 0x00007f814d634800 Uncommon trap: reason=unloaded action=reinterpret pc=0x00007f81416ee00c method=net.minecraft.village.VillageSiege.func_75529_b(Lnet/minecraft/world/server/ServerWorld;)Z @ 173
Event: 95408.084 Thread 0x00007f814d634800 Uncommon trap: reason=unstable_if action=reinterpret pc=0x00007f814129409c method=net.minecraft.village.VillageSiege.func_225477_a(Lnet/minecraft/world/server/ServerWorld;ZZ)I @ 69
Event: 96043.089 Thread 0x00007f814d634800 Uncommon trap: reason=speculate_class_check action=maybe_recompile pc=0x00007f813e79cc98 method=net.minecraft.entity.CreatureEntity.func_180484_a(Lnet/minecraft/util/math/BlockPos;)F @ 6
Event: 96047.163 Thread 0x00007f814d634800 Uncommon trap: reason=unstable_if action=reinterpret pc=0x00007f813f27be1c method=net.minecraft.entity.passive.FoxEntity$AlertablePredicate.test(Lnet/minecraft/entity/LivingEntity;)Z @ 13

Classes redefined (0 events):
No events

Internal exceptions (10 events):
Event: 96060.874 Thread 0x00007f80f0bbf000 Exception <a 'sun/nio/fs/UnixException'> (0x000000077978cac0) thrown at [/build/openjdk-8-8u242-b08/src/hotspot/src/share/vm/prims/jni.cpp, line 710]
Event: 96060.908 Thread 0x00007f80f0bbf000 Exception <a 'sun/nio/fs/UnixException'> (0x0000000779791aa8) thrown at [/build/openjdk-8-8u242-b08/src/hotspot/src/share/vm/prims/jni.cpp, line 710]
Event: 96060.913 Thread 0x00007f80f0bbf000 Exception <a 'sun/nio/fs/UnixException'> (0x00000007797969c0) thrown at [/build/openjdk-8-8u242-b08/src/hotspot/src/share/vm/prims/jni.cpp, line 710]
Event: 96060.914 Thread 0x00007f80f0bbf000 Exception <a 'sun/nio/fs/UnixException'> (0x000000077979b948) thrown at [/build/openjdk-8-8u242-b08/src/hotspot/src/share/vm/prims/jni.cpp, line 710]
Event: 96060.918 Thread 0x00007f80f0bbf000 Exception <a 'sun/nio/fs/UnixException'> (0x00000007797a0a20) thrown at [/build/openjdk-8-8u242-b08/src/hotspot/src/share/vm/prims/jni.cpp, line 710]
Event: 96060.922 Thread 0x00007f80f0bbf000 Exception <a 'sun/nio/fs/UnixException'> (0x00000007797a5b08) thrown at [/build/openjdk-8-8u242-b08/src/hotspot/src/share/vm/prims/jni.cpp, line 710]
Event: 96060.927 Thread 0x00007f80f0bbf000 Exception <a 'sun/nio/fs/UnixException'> (0x00000007797aa8d8) thrown at [/build/openjdk-8-8u242-b08/src/hotspot/src/share/vm/prims/jni.cpp, line 710]
Event: 96060.931 Thread 0x00007f80f0bbf000 Exception <a 'sun/nio/fs/UnixException'> (0x00000007797ad748) thrown at [/build/openjdk-8-8u242-b08/src/hotspot/src/share/vm/prims/jni.cpp, line 710]
Event: 96060.964 Thread 0x00007f80f0bbf000 Exception <a 'sun/nio/fs/UnixException'> (0x00000007797ae5f0) thrown at [/build/openjdk-8-8u242-b08/src/hotspot/src/share/vm/prims/jni.cpp, line 710]
Event: 96060.967 Thread 0x00007f80f0bbf000 Exception <a 'sun/nio/fs/UnixException'> (0x000000077b33f840) thrown at [/build/openjdk-8-8u242-b08/src/hotspot/src/share/vm/prims/jni.cpp, line 710]

Events (10 events):
Event: 96047.163 Thread 0x00007f814d634800 DEOPT PACKING pc=0x00007f813f27be1c sp=0x00007f80efffdfc0
Event: 96047.163 Thread 0x00007f814d634800 DEOPT UNPACKING pc=0x00007f813d04547a sp=0x00007f80efffdf28 mode 2
Event: 96048.481 Thread 0x00007f814c13f000 flushing nmethod 0x00007f813e6e2ad0
Event: 96048.482 Thread 0x00007f814c13f000 flushing nmethod 0x00007f813e711510
Event: 96048.482 Thread 0x00007f814c13f000 flushing nmethod 0x00007f813e712490
Event: 96049.108 Executing VM operation: ParallelGCFailedAllocation
Event: 96049.209 Executing VM operation: ParallelGCFailedAllocation done
Event: 96055.819 Executing VM operation: ParallelGCFailedAllocation
Event: 96055.948 Executing VM operation: ParallelGCFailedAllocation done
Event: 96062.904 Executing VM operation: ParallelGCFailedAllocation


Dynamic libraries:
5c0000000-715580000 rw-p 00000000 00:00 0 
715580000-7aba00000 rw-p 00000000 00:00 0 
7af400000-7c0000000 ---p 00000000 00:00 0 
7c0000000-7c0d20000 rw-p 00000000 00:00 0 
7c0d20000-800000000 ---p 00000000 00:00 0 
55d523f59000-55d523f5a000 r-xp 00000000 08:01 1184143                    /usr/lib/jvm/java-8-openjdk-amd64/jre/bin/java
55d524159000-55d52415a000 r--p 00000000 08:01 1184143                    /usr/lib/jvm/java-8-openjdk-amd64/jre/bin/java
55d52415a000-55d52415b000 rw-p 00001000 08:01 1184143                    /usr/lib/jvm/java-8-openjdk-amd64/jre/bin/java
55d5253db000-55d5254a8000 rw-p 00000000 00:00 0                          [heap]
7f80e0000000-7f80e0f1d000 rw-p 00000000 00:00 0 
7f80e0f1d000-7f80e4000000 ---p 00000000 00:00 0 
7f80e4ffd000-7f80e8000000 rw-p 00000000 00:00 0 
7f80e8000000-7f80e8061000 rw-p 00000000 00:00 0 
7f80e8061000-7f80ec000000 ---p 00000000 00:00 0 
7f80ec4e4000-7f80ec6a4000 rw-p 00000000 00:00 0 
7f80ec6a4000-7f80ec6e4000 ---p 00000000 00:00 0 
7f80ec6e4000-7f80ec8e4000 rw-p 00000000 00:00 0 
7f80ec8e4000-7f80ec8e7000 ---p 00000000 00:00 0 
7f80ec8e7000-7f80ec9e5000 rw-p 00000000 00:00 0 
7f80ec9e5000-7f80ecbe5000 rw-p 00000000 00:00 0 
7f80ecbe5000-7f80ecde5000 rw-p 00000000 00:00 0 
7f80ecde5000-7f80ecfe5000 rw-p 00000000 00:00 0 
7f80ecfe5000-7f80edfe6000 rw-p 00000000 00:00 0 
7f80edfe6000-7f80ee1e6000 rw-p 00000000 00:00 0 
7f80ee1e6000-7f80ee3e6000 rw-p 00000000 00:00 0 
7f80ee3e6000-7f80ee3e9000 ---p 00000000 00:00 0 
7f80ee3e9000-7f80ee4e7000 rw-p 00000000 00:00 0 
7f80ee4e7000-7f80ee6e7000 rw-p 00000000 00:00 0 
7f80ee6e7000-7f80ee8e7000 rw-p 00000000 00:00 0 
7f80ee8e7000-7f80ee8ea000 ---p 00000000 00:00 0 
7f80ee8ea000-7f80ee9e8000 rw-p 00000000 00:00 0 
7f80ee9e8000-7f80ee9eb000 ---p 00000000 00:00 0 
7f80ee9eb000-7f80eeae9000 rw-p 00000000 00:00 0 
7f80eeae9000-7f80eeaec000 ---p 00000000 00:00 0 
7f80eeaec000-7f80eebea000 rw-p 00000000 00:00 0 
7f80eebea000-7f80eedea000 rw-p 00000000 00:00 0 
7f80eedea000-7f80eefea000 rw-p 00000000 00:00 0 
7f80eefea000-7f80eefed000 ---p 00000000 00:00 0 
7f80eefed000-7f80ef0eb000 rw-p 00000000 00:00 0 
7f80ef0eb000-7f80ef0ee000 ---p 00000000 00:00 0 
7f80ef0ee000-7f80ef1ec000 rw-p 00000000 00:00 0 
7f80ef1ec000-7f80ef3ec000 rw-p 00000000 00:00 0 
7f80ef3ec000-7f80ef3ef000 ---p 00000000 00:00 0 
7f80ef3ef000-7f80ef4ed000 rw-p 00000000 00:00 0 
7f80ef4ed000-7f80ef4fa000 r-xp 00000000 08:01 1573204                    /tmp/libnetty_transport_native_epoll_x86_645589400647366589436.so (deleted)
7f80ef4fa000-7f80ef6f9000 ---p 0000d000 08:01 1573204                    /tmp/libnetty_transport_native_epoll_x86_645589400647366589436.so (deleted)
7f80ef6f9000-7f80ef6fb000 rw-p 0000c000 08:01 1573204                    /tmp/libnetty_transport_native_epoll_x86_645589400647366589436.so (deleted)
7f80ef6fb000-7f80ef8fb000 rw-p 00000000 00:00 0 
7f80ef8fb000-7f80ef8fe000 ---p 00000000 00:00 0 
7f80ef8fe000-7f80ef9fc000 rw-p 00000000 00:00 0 
7f80ef9fc000-7f80ef9ff000 ---p 00000000 00:00 0 
7f80ef9ff000-7f80efafd000 rw-p 00000000 00:00 0 
7f80efafd000-7f80efb00000 ---p 00000000 00:00 0 
7f80efb00000-7f80efbfe000 rw-p 00000000 00:00 0 
7f80efbfe000-7f80efdfe000 rw-p 00000000 00:00 0 
7f80efdfe000-7f80efe01000 ---p 00000000 00:00 0 
7f80efe01000-7f80efeff000 rw-p 00000000 00:00 0 
7f80efeff000-7f80eff02000 ---p 00000000 00:00 0 
7f80eff02000-7f80f0000000 rw-p 00000000 00:00 0 
7f80f0000000-7f80f0cfb000 rw-p 00000000 00:00 0 
7f80f0cfb000-7f80f4000000 ---p 00000000 00:00 0 
7f80f4000000-7f80f4021000 rw-p 00000000 00:00 0 
7f80f4021000-7f80f8000000 ---p 00000000 00:00 0 
7f80f8000000-7f80f805e000 rw-p 00000000 00:00 0 
7f80f805e000-7f80fc000000 ---p 00000000 00:00 0 
7f80fc0fe000-7f80fc101000 ---p 00000000 00:00 0 
7f80fc101000-7f80fc1ff000 rw-p 00000000 00:00 0 
7f80fc1ff000-7f80fc3ff000 rw-p 00000000 00:00 0 
7f80fc3ff000-7f80fc5ff000 rw-p 00000000 00:00 0 
7f80fc5ff000-7f80fc7ff000 rw-p 00000000 00:00 0 
7f80fc7ff000-7f80fc9ff000 rw-p 00000000 00:00 0 
7f80fc9ff000-7f80fcbff000 rw-p 00000000 00:00 0 
7f80fcbff000-7f80fcdff000 rw-p 00000000 00:00 0 
7f80fcdff000-7f80fcfff000 rw-p 00000000 00:00 0 
7f80fcfff000-7f8100000000 rw-p 00000000 00:00 0 
7f8100000000-7f81005af000 rw-p 00000000 00:00 0 
7f81005af000-7f8104000000 ---p 00000000 00:00 0 
7f8104000000-7f81043a3000 rw-p 00000000 00:00 0 
7f81043a3000-7f8108000000 ---p 00000000 00:00 0 
7f8108000000-7f810bffd000 rw-p 00000000 00:00 0 
7f810bffd000-7f810c000000 ---p 00000000 00:00 0 
7f810c000000-7f810d1cd000 rw-p 00000000 00:00 0 
7f810d1cd000-7f8110000000 ---p 00000000 00:00 0 
7f8110000000-7f8110021000 rw-p 00000000 00:00 0 
7f8110021000-7f8114000000 ---p 00000000 00:00 0 
7f8114000000-7f81142eb000 rw-p 00000000 00:00 0 
7f81142eb000-7f8118000000 ---p 00000000 00:00 0 
7f8118000000-7f81184c6000 rw-p 00000000 00:00 0 
7f81184c6000-7f811c000000 ---p 00000000 00:00 0 
7f811c000000-7f811c057000 rw-p 00000000 00:00 0 
7f811c057000-7f8120000000 ---p 00000000 00:00 0 
7f8120000000-7f8130000000 rw-p 00000000 00:00 0 
7f8130000000-7f8130139000 rw-p 00000000 00:00 0 
7f8130139000-7f8134000000 ---p 00000000 00:00 0 
7f813402f000-7f8134032000 ---p 00000000 00:00 0 
7f8134032000-7f8134068000 rw-p 00000000 00:00 0 
7f8134068000-7f813406b000 ---p 00000000 00:00 0 
7f813406b000-7f8134169000 rw-p 00000000 00:00 0 
7f8134169000-7f8134369000 rw-p 00000000 00:00 0 
7f8134369000-7f8134569000 rw-p 00000000 00:00 0 
7f8134569000-7f8134769000 rw-p 00000000 00:00 0 
7f8134769000-7f8134969000 rw-p 00000000 00:00 0 
7f8134969000-7f8134b69000 rw-p 00000000 00:00 0 
7f8134b69000-7f8134b7c000 r--s 00346000 08:01 1184231                    /usr/lib/jvm/java-8-openjdk-amd64/jre/lib/resources.jar
7f8134b7c000-7f8134bd4000 r--s 006a4000 08:01 1704073                    /home/lalo/server-minecraft/libraries/net/minecraft/server/1.15.2-20200122.131323/server-1.15.2-20200122.131323-srg.jar
7f8134bd4000-7f8134bef000 r--s 00346000 08:01 1704094                    /home/lalo/server-minecraft/libraries/net/minecraftforge/forge/1.15.2-31.1.0/forge-1.15.2-31.1.0-server.jar
7f8134bef000-7f8134def000 rw-p 00000000 00:00 0 
7f8134def000-7f8134df2000 ---p 00000000 00:00 0 
7f8134df2000-7f8134ef0000 rw-p 00000000 00:00 0 
7f8134ef0000-7f81350f0000 rw-p 00000000 00:00 0 
7f81350f0000-7f81352f0000 rw-p 00000000 00:00 0 
7f81352f0000-7f81354f0000 rw-p 00000000 00:00 0 
7f81354f0000-7f8135519000 r--s 001e7000 08:01 1704095                    /home/lalo/server-minecraft/libraries/net/minecraftforge/forge/1.15.2-31.1.0/forge-1.15.2-31.1.0-universal.jar
7f8135519000-7f813551c000 ---p 00000000 00:00 0 
7f813551c000-7f813561a000 rw-p 00000000 00:00 0 
7f813561a000-7f813561d000 ---p 00000000 00:00 0 
7f813561d000-7f813571b000 rw-p 00000000 00:00 0 
7f813571b000-7f813591b000 rw-p 00000000 00:00 0 
7f813591b000-7f8135944000 r-xp 00000000 08:01 1184186                    /usr/lib/jvm/java-8-openjdk-amd64/jre/lib/amd64/libsunec.so
7f8135944000-7f8135b43000 ---p 00029000 08:01 1184186                    /usr/lib/jvm/java-8-openjdk-amd64/jre/lib/amd64/libsunec.so
7f8135b43000-7f8135b47000 r--p 00028000 08:01 1184186                    /usr/lib/jvm/java-8-openjdk-amd64/jre/lib/amd64/libsunec.so
7f8135b47000-7f8135b48000 rw-p 0002c000 08:01 1184186                    /usr/lib/jvm/java-8-openjdk-amd64/jre/lib/amd64/libsunec.so
7f8135b48000-7f8135d48000 rw-p 00000000 00:00 0 
7f8135d48000-7f8135d4b000 ---p 00000000 00:00 0 
7f8135d4b000-7f8135e49000 rw-p 00000000 00:00 0 
7f8135e49000-7f8135e4c000 ---p 00000000 00:00 0 
7f8135e4c000-7f8135e82000 rw-p 00000000 00:00 0 
7f8135e82000-7f8136082000 rw-p 00000000 00:00 0 
7f8136082000-7f8136096000 r-xp 00000000 08:01 1048617                    /lib/x86_64-linux-gnu/libresolv-2.24.so
7f8136096000-7f8136295000 ---p 00014000 08:01 1048617                    /lib/x86_64-linux-gnu/libresolv-2.24.so
7f8136295000-7f8136296000 r--p 00013000 08:01 1048617                    /lib/x86_64-linux-gnu/libresolv-2.24.so
7f8136296000-7f8136297000 rw-p 00014000 08:01 1048617                    /lib/x86_64-linux-gnu/libresolv-2.24.so
7f8136297000-7f8136299000 rw-p 00000000 00:00 0 
7f8136299000-7f813629e000 r-xp 00000000 08:01 1048610                    /lib/x86_64-linux-gnu/libnss_dns-2.24.so
7f813629e000-7f813649d000 ---p 00005000 08:01 1048610                    /lib/x86_64-linux-gnu/libnss_dns-2.24.so
7f813649d000-7f813649e000 r--p 00004000 08:01 1048610                    /lib/x86_64-linux-gnu/libnss_dns-2.24.so
7f813649e000-7f813649f000 rw-p 00005000 08:01 1048610                    /lib/x86_64-linux-gnu/libnss_dns-2.24.so
7f813649f000-7f81364a9000 r-xp 00000000 08:01 1048611                    /lib/x86_64-linux-gnu/libnss_files-2.24.so
7f81364a9000-7f81366a9000 ---p 0000a000 08:01 1048611                    /lib/x86_64-linux-gnu/libnss_files-2.24.so
7f81366a9000-7f81366aa000 r--p 0000a000 08:01 1048611                    /lib/x86_64-linux-gnu/libnss_files-2.24.so
7f81366aa000-7f81366ab000 rw-p 0000b000 08:01 1048611                    /lib/x86_64-linux-gnu/libnss_files-2.24.so
7f81366ab000-7f81366b1000 rw-p 00000000 00:00 0 
7f81366b7000-7f81366b8000 r--p 00000000 00:00 0 
7f81366b8000-7f81368b8000 rw-p 00000000 00:00 0 
7f81368b8000-7f81368c1000 r-xp 00000000 08:01 1184179                    /usr/lib/jvm/java-8-openjdk-amd64/jre/lib/amd64/libmanagement.so
7f81368c1000-7f8136ac0000 ---p 00009000 08:01 1184179                    /usr/lib/jvm/java-8-openjdk-amd64/jre/lib/amd64/libmanagement.so
7f8136ac0000-7f8136ac1000 r--p 00008000 08:01 1184179                    /usr/lib/jvm/java-8-openjdk-amd64/jre/lib/amd64/libmanagement.so
7f8136ac1000-7f8136ac2000 rw-p 00009000 08:01 1184179                    /usr/lib/jvm/java-8-openjdk-amd64/jre/lib/amd64/libmanagement.so
7f8136ac2000-7f8136b15000 rw-p 00000000 00:00 0 
7f8136b15000-7f8136d3e000 r--s 01b1d000 08:01 1704075                    /home/lalo/server-minecraft/libraries/net/minecraft/server/1.15.2/server-1.15.2-extra.jar
7f8136d3e000-7f8136d41000 r--s 00011000 08:01 1704119                    /home/lalo/server-minecraft/libraries/net/sf/jopt-simple/jopt-simple/5.0.4/jopt-simple-5.0.4.jar
7f8136d41000-7f8136d42000 r--s 00003000 08:01 1704112                    /home/lalo/server-minecraft/libraries/net/minecrell/terminalconsoleappender/1.2.0/terminalconsoleappender-1.2.0.jar
7f8136d42000-7f8136d63000 r--s 0016d000 08:01 1704133                    /home/lalo/server-minecraft/libraries/org/apache/logging/log4j/log4j-core/2.11.2/log4j-core-2.11.2.jar
7f8136d63000-7f8136d69000 r--s 0003c000 08:01 1704130                    /home/lalo/server-minecraft/libraries/org/apache/logging/log4j/log4j-api/2.11.2/log4j-api-2.11.2.jar
7f8136d69000-7f8136d6a000 r--s 00003000 08:01 1704065                    /home/lalo/server-minecraft/libraries/net/jodah/typetools/0.6.1/typetools-0.6.1.jar
7f8136d6a000-7f8136d6c000 r--s 0000c000 08:01 1704137                    /home/lalo/server-minecraft/libraries/org/apache/maven/maven-artifact/3.6.0/maven-artifact-3.6.0.jar
7f8136d6c000-7f8136d75000 r--s 000aa000 08:01 1704150                    /home/lalo/server-minecraft/libraries/org/jline/jline/3.12.1/jline-3.12.1.jar
7f8136d75000-7f8136d76000 r--s 00007000 08:01 1704008                    /home/lalo/server-minecraft/libraries/com/electronwill/night-config/toml/3.6.2/toml-3.6.2.jar
7f8136d76000-7f8136d7b000 r--s 0002c000 08:01 1704005                    /home/lalo/server-minecraft/libraries/com/electronwill/night-config/core/3.6.2/core-3.6.2.jar
7f8136d7b000-7f8136d7d000 r--s 00004000 08:01 1704088                    /home/lalo/server-minecraft/libraries/net/minecraftforge/coremods/2.0.0-milestone.1/coremods-2.0.0-milestone.1.jar
7f8136d7d000-7f8136d94000 r-xp 00000000 08:01 1184181                    /usr/lib/jvm/java-8-openjdk-amd64/jre/lib/amd64/libnet.so
7f8136d94000-7f8136f93000 ---p 00017000 08:01 1184181                    /usr/lib/jvm/java-8-openjdk-amd64/jre/lib/amd64/libnet.so
7f8136f93000-7f8136f94000 r--p 00016000 08:01 1184181                    /usr/lib/jvm/java-8-openjdk-amd64/jre/lib/amd64/libnet.so
7f8136f94000-7f8136f95000 rw-p 00017000 08:01 1184181                    /usr/lib/jvm/java-8-openjdk-amd64/jre/lib/amd64/libnet.so
7f8136f95000-7f8136fa6000 r-xp 00000000 08:01 1184182                    /usr/lib/jvm/java-8-openjdk-amd64/jre/lib/amd64/libnio.so
7f8136fa6000-7f81371a6000 ---p 00011000 08:01 1184182                    /usr/lib/jvm/java-8-openjdk-amd64/jre/lib/amd64/libnio.so
7f81371a6000-7f81371a7000 r--p 00011000 08:01 1184182                    /usr/lib/jvm/java-8-openjdk-amd64/jre/lib/amd64/libnio.so
7f81371a7000-7f81371a8000 rw-p 00012000 08:01 1184182                    /usr/lib/jvm/java-8-openjdk-amd64/jre/lib/amd64/libnio.so
7f81371a8000-7f81371c3000 r--s 001d6000 08:01 1184208                    /usr/lib/jvm/java-8-openjdk-amd64/jre/lib/ext/nashorn.jar
7f81371c3000-7f81371c4000 ---p 00000000 00:00 0 
7f81371c4000-7f81372c4000 rw-p 00000000 00:00 0 
7f81372c4000-7f81372c7000 ---p 00000000 00:00 0 
7f81372c7000-7f81373c5000 rw-p 00000000 00:00 0 
7f81373c5000-7f81373c6000 ---p 00000000 00:00 0 
7f81373c6000-7f81373c9000 ---p 00000000 00:00 0 
7f81373c9000-7f81374c6000 rw-p 00000000 00:00 0 
7f81374c6000-7f81374c7000 ---p 00000000 00:00 0 
7f81374c7000-7f81374ca000 ---p 00000000 00:00 0 
7f81374ca000-7f81375c7000 rw-p 00000000 00:00 0 
7f81375c7000-7f81375ca000 ---p 00000000 00:00 0 
7f81375ca000-7f81376c8000 rw-p 00000000 00:00 0 
7f81376c8000-7f81377f8000 r--p 00000000 08:01 530733                     /usr/lib/locale/aa_DJ.utf8/LC_COLLATE
7f81377f8000-7f81377fb000 ---p 00000000 00:00 0 
7f81377fb000-7f81378f9000 rw-p 00000000 00:00 0 
7f81378f9000-7f81378fc000 ---p 00000000 00:00 0 
7f81378fc000-7f81379fa000 rw-p 00000000 00:00 0 
7f81379fa000-7f81379fb000 ---p 00000000 00:00 0 
7f81379fb000-7f8138000000 rw-p 00000000 00:00 0 
7f8138000000-7f813806f000 rw-p 00000000 00:00 0 
7f813806f000-7f813c000000 ---p 00000000 00:00 0 
7f813c000000-7f813d000000 rw-p 00000000 00:00 0 
7f813d000000-7f8141ac0000 rwxp 00000000 00:00 0 
7f8141ac0000-7f814c000000 ---p 00000000 00:00 0 
7f814c000000-7f814d6a0000 rw-p 00000000 00:00 0 
7f814d6a0000-7f8150000000 ---p 00000000 00:00 0 
7f8150000000-7f8150001000 r--s 00000000 08:01 1704108                    /home/lalo/server-minecraft/libraries/net/minecraftforge/unsafe/0.2.0/unsafe-0.2.0.jar
7f8150001000-7f8150003000 r--s 00003000 08:01 1704099                    /home/lalo/server-minecraft/libraries/net/minecraftforge/forgespi/2.0.0-milestone.1/forgespi-2.0.0-milestone.1.jar
7f8150003000-7f8150005000 r--s 00008000 08:01 1704091                    /home/lalo/server-minecraft/libraries/net/minecraftforge/eventbus/2.0.0-milestone.1-service/eventbus-2.0.0-milestone.1-service.jar
7f8150005000-7f815000d000 r--s 00065000 08:01 1704082                    /home/lalo/server-minecraft/libraries/net/minecraftforge/accesstransformers/2.0.0-milestone.1-shadowed/accesstransformers-2.0.0-milestone.1-shadowed.jar
7f815000d000-7f815000e000 r--s 00000000 08:01 1704050                    /home/lalo/server-minecraft/libraries/cpw/mods/grossjava9hacks/1.1.0/grossjava9hacks-1.1.0.jar
7f815000e000-7f8150011000 r--s 0001a000 08:01 1704053                    /home/lalo/server-minecraft/libraries/cpw/mods/modlauncher/5.0.0-milestone.4/modlauncher-5.0.0-milestone.4.jar
7f8150011000-7f8150013000 r--s 0000b000 08:01 1704165                    /home/lalo/server-minecraft/libraries/org/ow2/asm/asm-tree/7.2/asm-tree-7.2.jar
7f8150013000-7f8150015000 r--s 00010000 08:01 1704160                    /home/lalo/server-minecraft/libraries/org/ow2/asm/asm-commons/7.2/asm-commons-7.2.jar
7f8150015000-7f8150017000 r--s 0001b000 08:01 1704170                    /home/lalo/server-minecraft/libraries/org/ow2/asm/asm/7.2/asm-7.2.jar
7f8150017000-7f8150019000 r--s 00016000 08:01 1184224                    /usr/lib/jvm/java-8-openjdk-amd64/jre/lib/jce.jar
7f8150019000-7f815006a000 r--p 00000000 08:01 530735                     /usr/lib/locale/aa_DJ.utf8/LC_CTYPE
7f815006a000-7f81504bc000 rw-p 00000000 00:00 0 
7f81504bc000-7f815068c000 r--s 03c68000 08:01 1184232                    /usr/lib/jvm/java-8-openjdk-amd64/jre/lib/rt.jar
7f815068c000-7f815075d000 rw-p 00000000 00:00 0 
7f815075d000-7f8150f5d000 rw-p 00000000 00:00 0 
7f8150f5d000-7f8150f5e000 ---p 00000000 00:00 0 
7f8150f5e000-7f815105e000 rw-p 00000000 00:00 0 
7f815105e000-7f815105f000 ---p 00000000 00:00 0 
7f815105f000-7f815115f000 rw-p 00000000 00:00 0 
7f815115f000-7f8151c0a000 rw-p 00000000 00:00 0 
7f8151c0a000-7f81526b4000 rw-p 00000000 00:00 0 
7f81526b4000-7f8152b67000 rw-p 00000000 00:00 0 
7f8152b67000-7f8152c0a000 ---p 00000000 00:00 0 
7f8152c0a000-7f8152d36000 rw-p 00000000 00:00 0 
7f8152d36000-7f8152fcb000 ---p 00000000 00:00 0 
7f8152fcb000-7f8152fd3000 r-xp 00000000 08:01 1184189                    /usr/lib/jvm/java-8-openjdk-amd64/jre/lib/amd64/libzip.so
7f8152fd3000-7f81531d2000 ---p 00008000 08:01 1184189                    /usr/lib/jvm/java-8-openjdk-amd64/jre/lib/amd64/libzip.so
7f81531d2000-7f81531d3000 r--p 00007000 08:01 1184189                    /usr/lib/jvm/java-8-openjdk-amd64/jre/lib/amd64/libzip.so
7f81531d3000-7f81531d4000 rw-p 00008000 08:01 1184189                    /usr/lib/jvm/java-8-openjdk-amd64/jre/lib/amd64/libzip.so
7f81531d4000-7f81531fe000 r-xp 00000000 08:01 1184170                    /usr/lib/jvm/java-8-openjdk-amd64/jre/lib/amd64/libjava.so
7f81531fe000-7f81533fd000 ---p 0002a000 08:01 1184170                    /usr/lib/jvm/java-8-openjdk-amd64/jre/lib/amd64/libjava.so
7f81533fd000-7f81533fe000 r--p 00029000 08:01 1184170                    /usr/lib/jvm/java-8-openjdk-amd64/jre/lib/amd64/libjava.so
7f81533fe000-7f8153400000 rw-p 0002a000 08:01 1184170                    /usr/lib/jvm/java-8-openjdk-amd64/jre/lib/amd64/libjava.so
7f8153400000-7f815340f000 r-xp 00000000 08:01 1184188                    /usr/lib/jvm/java-8-openjdk-amd64/jre/lib/amd64/libverify.so
7f815340f000-7f815360f000 ---p 0000f000 08:01 1184188                    /usr/lib/jvm/java-8-openjdk-amd64/jre/lib/amd64/libverify.so
7f815360f000-7f8153611000 r--p 0000f000 08:01 1184188                    /usr/lib/jvm/java-8-openjdk-amd64/jre/lib/amd64/libverify.so
7f8153611000-7f8153612000 rw-p 00011000 08:01 1184188                    /usr/lib/jvm/java-8-openjdk-amd64/jre/lib/amd64/libverify.so
7f8153612000-7f8153619000 r-xp 00000000 08:01 1048618                    /lib/x86_64-linux-gnu/librt-2.24.so
7f8153619000-7f8153818000 ---p 00007000 08:01 1048618                    /lib/x86_64-linux-gnu/librt-2.24.so
7f8153818000-7f8153819000 r--p 00006000 08:01 1048618                    /lib/x86_64-linux-gnu/librt-2.24.so
7f8153819000-7f815381a000 rw-p 00007000 08:01 1048618                    /lib/x86_64-linux-gnu/librt-2.24.so
7f815381a000-7f8153830000 r-xp 00000000 08:01 1048592                    /lib/x86_64-linux-gnu/libgcc_s.so.1
7f8153830000-7f8153a2f000 ---p 00016000 08:01 1048592                    /lib/x86_64-linux-gnu/libgcc_s.so.1
7f8153a2f000-7f8153a30000 r--p 00015000 08:01 1048592                    /lib/x86_64-linux-gnu/libgcc_s.so.1
7f8153a30000-7f8153a31000 rw-p 00016000 08:01 1048592                    /lib/x86_64-linux-gnu/libgcc_s.so.1
7f8153a31000-7f8153b34000 r-xp 00000000 08:01 1048605                    /lib/x86_64-linux-gnu/libm-2.24.so
7f8153b34000-7f8153d33000 ---p 00103000 08:01 1048605                    /lib/x86_64-linux-gnu/libm-2.24.so
7f8153d33000-7f8153d34000 r--p 00102000 08:01 1048605                    /lib/x86_64-linux-gnu/libm-2.24.so
7f8153d34000-7f8153d35000 rw-p 00103000 08:01 1048605                    /lib/x86_64-linux-gnu/libm-2.24.so
7f8153d35000-7f8153ea7000 r-xp 00000000 08:01 528697                     /usr/lib/x86_64-linux-gnu/libstdc++.so.6.0.22
7f8153ea7000-7f81540a7000 ---p 00172000 08:01 528697                     /usr/lib/x86_64-linux-gnu/libstdc++.so.6.0.22
7f81540a7000-7f81540b1000 r--p 00172000 08:01 528697                     /usr/lib/x86_64-linux-gnu/libstdc++.so.6.0.22
7f81540b1000-7f81540b3000 rw-p 0017c000 08:01 528697                     /usr/lib/x86_64-linux-gnu/libstdc++.so.6.0.22
7f81540b3000-7f81540b7000 rw-p 00000000 00:00 0 
7f81540b7000-7f8154d22000 r-xp 00000000 08:01 1184192                    /usr/lib/jvm/java-8-openjdk-amd64/jre/lib/amd64/server/libjvm.so
7f8154d22000-7f8154f21000 ---p 00c6b000 08:01 1184192                    /usr/lib/jvm/java-8-openjdk-amd64/jre/lib/amd64/server/libjvm.so
7f8154f21000-7f8154fb5000 r--p 00c6a000 08:01 1184192                    /usr/lib/jvm/java-8-openjdk-amd64/jre/lib/amd64/server/libjvm.so
7f8154fb5000-7f8154fde000 rw-p 00cfe000 08:01 1184192                    /usr/lib/jvm/java-8-openjdk-amd64/jre/lib/amd64/server/libjvm.so
7f8154fde000-7f815500e000 rw-p 00000000 00:00 0 
7f815500e000-7f81551a3000 r-xp 00000000 08:01 1048599                    /lib/x86_64-linux-gnu/libc-2.24.so
7f81551a3000-7f81553a3000 ---p 00195000 08:01 1048599                    /lib/x86_64-linux-gnu/libc-2.24.so
7f81553a3000-7f81553a7000 r--p 00195000 08:01 1048599                    /lib/x86_64-linux-gnu/libc-2.24.so
7f81553a7000-7f81553a9000 rw-p 00199000 08:01 1048599                    /lib/x86_64-linux-gnu/libc-2.24.so
7f81553a9000-7f81553ad000 rw-p 00000000 00:00 0 
7f81553ad000-7f81553b0000 r-xp 00000000 08:01 1048604                    /lib/x86_64-linux-gnu/libdl-2.24.so
7f81553b0000-7f81555af000 ---p 00003000 08:01 1048604                    /lib/x86_64-linux-gnu/libdl-2.24.so
7f81555af000-7f81555b0000 r--p 00002000 08:01 1048604                    /lib/x86_64-linux-gnu/libdl-2.24.so
7f81555b0000-7f81555b1000 rw-p 00003000 08:01 1048604                    /lib/x86_64-linux-gnu/libdl-2.24.so
7f81555b1000-7f81555be000 r-xp 00000000 08:01 1184156                    /usr/lib/jvm/java-8-openjdk-amd64/jre/lib/amd64/jli/libjli.so
7f81555be000-7f81557be000 ---p 0000d000 08:01 1184156                    /usr/lib/jvm/java-8-openjdk-amd64/jre/lib/amd64/jli/libjli.so
7f81557be000-7f81557bf000 r--p 0000d000 08:01 1184156                    /usr/lib/jvm/java-8-openjdk-amd64/jre/lib/amd64/jli/libjli.so
7f81557bf000-7f81557c0000 rw-p 0000e000 08:01 1184156                    /usr/lib/jvm/java-8-openjdk-amd64/jre/lib/amd64/jli/libjli.so
7f81557c0000-7f81557d9000 r-xp 00000000 08:01 1048742                    /lib/x86_64-linux-gnu/libz.so.1.2.8
7f81557d9000-7f81559d8000 ---p 00019000 08:01 1048742                    /lib/x86_64-linux-gnu/libz.so.1.2.8
7f81559d8000-7f81559d9000 r--p 00018000 08:01 1048742                    /lib/x86_64-linux-gnu/libz.so.1.2.8
7f81559d9000-7f81559da000 rw-p 00019000 08:01 1048742                    /lib/x86_64-linux-gnu/libz.so.1.2.8
7f81559da000-7f81559f2000 r-xp 00000000 08:01 1048616                    /lib/x86_64-linux-gnu/libpthread-2.24.so
7f81559f2000-7f8155bf1000 ---p 00018000 08:01 1048616                    /lib/x86_64-linux-gnu/libpthread-2.24.so
7f8155bf1000-7f8155bf2000 r--p 00017000 08:01 1048616                    /lib/x86_64-linux-gnu/libpthread-2.24.so
7f8155bf2000-7f8155bf3000 rw-p 00018000 08:01 1048616                    /lib/x86_64-linux-gnu/libpthread-2.24.so
7f8155bf3000-7f8155bf7000 rw-p 00000000 00:00 0 
7f8155bf7000-7f8155c1a000 r-xp 00000000 08:01 1048593                    /lib/x86_64-linux-gnu/ld-2.24.so
7f8155c1a000-7f8155c1f000 r--s 000a3000 08:01 1184226                    /usr/lib/jvm/java-8-openjdk-amd64/jre/lib/jsse.jar
7f8155c1f000-7f8155c22000 r--s 0002a000 08:01 1704189                    /home/lalo/server-minecraft/server.jar
7f8155c22000-7f8155c25000 r--s 0000f000 08:01 1184205                    /usr/lib/jvm/java-8-openjdk-amd64/jre/lib/ext/icedtea-sound.jar
7f8155c25000-7f8155c2a000 r--s 0003d000 08:01 1184210                    /usr/lib/jvm/java-8-openjdk-amd64/jre/lib/ext/sunjce_provider.jar
7f8155c2a000-7f8155c2b000 r--s 0000d000 08:01 1184209                    /usr/lib/jvm/java-8-openjdk-amd64/jre/lib/ext/sunec.jar
7f8155c2b000-7f8155c2d000 r--s 00007000 08:01 922766                     /usr/share/java/java-atk-wrapper.jar
7f8155c2d000-7f8155c2e000 r--s 0000a000 08:01 1184206                    /usr/lib/jvm/java-8-openjdk-amd64/jre/lib/ext/jaccess.jar
7f8155c2e000-7f8155c2f000 r--s 00010000 08:01 1184212                    /usr/lib/jvm/java-8-openjdk-amd64/jre/lib/ext/zipfs.jar
7f8155c2f000-7f8155c31000 r--s 00001000 08:01 1184204                    /usr/lib/jvm/java-8-openjdk-amd64/jre/lib/ext/dnsns.jar
7f8155c31000-7f8155c4c000 r--s 00394000 08:01 1184203                    /usr/lib/jvm/java-8-openjdk-amd64/jre/lib/ext/cldrdata.jar
7f8155c4c000-7f8155c50000 r--s 0003a000 08:01 1184211                    /usr/lib/jvm/java-8-openjdk-amd64/jre/lib/ext/sunpkcs11.jar
7f8155c50000-7f8155c5a000 r--s 00116000 08:01 1184207                    /usr/lib/jvm/java-8-openjdk-amd64/jre/lib/ext/localedata.jar
7f8155c5a000-7f8155c5b000 r--p 00000000 08:01 788210                     /usr/lib/locale/es_MX.utf8/LC_NUMERIC
7f8155c5b000-7f8155c5c000 r--p 00000000 08:01 788070                     /usr/lib/locale/es_AR.utf8/LC_TIME
7f8155c5c000-7f8155c5d000 r--p 00000000 08:01 788209                     /usr/lib/locale/es_MX.utf8/LC_MONETARY
7f8155c5d000-7f8155c5e000 r--p 00000000 08:01 787805                     /usr/lib/locale/en_AG/LC_MESSAGES/SYS_LC_MESSAGES
7f8155c5e000-7f8155c5f000 r--p 00000000 08:01 659042                     /usr/lib/locale/chr_US/LC_PAPER
7f8155c5f000-7f8155c66000 r--s 00000000 08:01 526679                     /usr/lib/x86_64-linux-gnu/gconv/gconv-modules.cache
7f8155c66000-7f8155d06000 rw-p 00000000 00:00 0 
7f8155d06000-7f8155d0e000 rw-s 00000000 08:01 1573203                    /tmp/hsperfdata_root/55982
7f8155d0e000-7f8155d0f000 ---p 00000000 00:00 0 
7f8155d0f000-7f8155d12000 ---p 00000000 00:00 0 
7f8155d12000-7f8155e13000 rw-p 00000000 00:00 0 
7f8155e13000-7f8155e14000 r--p 00000000 08:01 658447                     /usr/lib/locale/ak_GH/LC_NAME
7f8155e14000-7f8155e15000 r--p 00000000 08:01 788206                     /usr/lib/locale/es_MX.utf8/LC_ADDRESS
7f8155e15000-7f8155e16000 r--p 00000000 08:01 788211                     /usr/lib/locale/es_MX.utf8/LC_TELEPHONE
7f8155e16000-7f8155e17000 r--p 00000000 08:01 530739                     /usr/lib/locale/aa_DJ.utf8/LC_MEASUREMENT
7f8155e17000-7f8155e18000 r--p 00000000 08:01 788207                     /usr/lib/locale/es_MX.utf8/LC_IDENTIFICATION
7f8155e18000-7f8155e19000 rw-p 00000000 00:00 0 
7f8155e19000-7f8155e1a000 ---p 00000000 00:00 0 
7f8155e1a000-7f8155e1b000 r--p 00023000 08:01 1048593                    /lib/x86_64-linux-gnu/ld-2.24.so
7f8155e1b000-7f8155e1c000 rw-p 00024000 08:01 1048593                    /lib/x86_64-linux-gnu/ld-2.24.so
7f8155e1c000-7f8155e1d000 rw-p 00000000 00:00 0 
7ffde684d000-7ffde686e000 rw-p 00000000 00:00 0                          [stack]
7ffde696b000-7ffde696d000 r--p 00000000 00:00 0                          [vvar]
7ffde696d000-7ffde696f000 r-xp 00000000 00:00 0                          [vdso]
ffffffffff600000-ffffffffff601000 r-xp 00000000 00:00 0                  [vsyscall]

VM Arguments:
jvm_args: -Xms6G -Xmx8G 
java_command: server.jar nogui
java_class_path (initial): server.jar
Launcher Type: SUN_STANDARD

Environment Variables:
PATH=/usr/local/sbin:/usr/local/bin:/usr/sbin:/usr/bin:/sbin:/bin
USERNAME=root
SHELL=/bin/bash

Signal Handlers:
SIGSEGV: [libjvm.so+0xa7fff0], sa_mask[0]=11111111011111111101111111111110, sa_flags=SA_RESTART|SA_SIGINFO
SIGBUS: [libjvm.so+0xa7fff0], sa_mask[0]=11111111011111111101111111111110, sa_flags=SA_RESTART|SA_SIGINFO
SIGFPE: [libjvm.so+0x8c89a0], sa_mask[0]=11111111011111111101111111111110, sa_flags=SA_RESTART|SA_SIGINFO
SIGPIPE: [libjvm.so+0x8c89a0], sa_mask[0]=11111111011111111101111111111110, sa_flags=SA_RESTART|SA_SIGINFO
SIGXFSZ: [libjvm.so+0x8c89a0], sa_mask[0]=11111111011111111101111111111110, sa_flags=SA_RESTART|SA_SIGINFO
SIGILL: [libjvm.so+0x8c89a0], sa_mask[0]=11111111011111111101111111111110, sa_flags=SA_RESTART|SA_SIGINFO
SIGUSR1: SIG_DFL, sa_mask[0]=00000000000000000000000000000000, sa_flags=none
SIGUSR2: [libjvm.so+0x8c8850], sa_mask[0]=00000000000000000000000000000000, sa_flags=SA_RESTART|SA_SIGINFO
SIGHUP: [libjvm.so+0x8c8ec0], sa_mask[0]=11111111011111111101111111111110, sa_flags=SA_RESTART|SA_SIGINFO
SIGINT: [libjvm.so+0x8c8ec0], sa_mask[0]=11111111011111111101111111111110, sa_flags=SA_RESTART|SA_SIGINFO
SIGTERM: [libjvm.so+0x8c8ec0], sa_mask[0]=11111111011111111101111111111110, sa_flags=SA_RESTART|SA_SIGINFO
SIGQUIT: [libjvm.so+0x8c8ec0], sa_mask[0]=11111111011111111101111111111110, sa_flags=SA_RESTART|SA_SIGINFO


---------------  S Y S T E M  ---------------

OS:PRETTY_NAME="Debian GNU/Linux 9 (stretch)"
NAME="Debian GNU/Linux"
VERSION_ID="9"
VERSION="9 (stretch)"
VERSION_CODENAME=stretch
ID=debian
HOME_URL="https://www.debian.org/"
SUPPORT_URL="https://www.debian.org/support"
BUG_REPORT_URL="https://bugs.debian.org/"

uname:Linux 4.9.0-12-amd64 #1 SMP Debian 4.9.210-1 (2020-01-20) x86_64
libc:glibc 2.24 NPTL 2.24 
rlimit: STACK 8192k, CORE 0k, NPROC 31792, NOFILE 1048576, AS infinity
load average:1.25 1.23 1.12

/proc/meminfo:
MemTotal:        8160948 kB
MemFree:          134440 kB
MemAvailable:       1792 kB
Buffers:            2016 kB
Cached:            26140 kB
SwapCached:            0 kB
Active:          7862920 kB
Inactive:          22876 kB
Active(anon):    7857852 kB
Inactive(anon):    16628 kB
Active(file):       5068 kB
Inactive(file):     6248 kB
Unevictable:           0 kB
Mlocked:               0 kB
SwapTotal:             0 kB
SwapFree:              0 kB
Dirty:               164 kB
Writeback:            92 kB
AnonPages:       7857692 kB
Mapped:            18260 kB
Shmem:             16788 kB
Slab:              33172 kB
SReclaimable:      13576 kB
SUnreclaim:        19596 kB
KernelStack:        4144 kB
PageTables:        17932 kB
NFS_Unstable:          0 kB
Bounce:                0 kB
WritebackTmp:          0 kB
CommitLimit:     4080472 kB
Committed_AS:    8802132 kB
VmallocTotal:   34359738367 kB
VmallocUsed:           0 kB
VmallocChunk:          0 kB
HardwareCorrupted:     0 kB
AnonHugePages:         0 kB
ShmemHugePages:        0 kB
ShmemPmdMapped:        0 kB
HugePages_Total:       0
HugePages_Free:        0
HugePages_Rsvd:        0
HugePages_Surp:        0
Hugepagesize:       2048 kB
DirectMap4k:       81856 kB
DirectMap2M:     3063808 kB
DirectMap1G:     7340032 kB

container (cgroup) information:
container_type: cgroupv1
cpu_cpuset_cpus: 0-1
cpu_memory_nodes: 0
active_processor_count: 2
cpu_quota: -1
cpu_period: 100000
cpu_shares: -1
memory_limit_in_bytes: -1
memory_and_swap_limit_in_bytes: -2
memory_soft_limit_in_bytes: -1
memory_usage_in_bytes: 8075399168
memory_max_usage_in_bytes: 21213184


CPU:total 2 (initial active 2) (1 cores per cpu, 2 threads per core) family 6 model 85 stepping 4, cmov, cx8, fxsr, mmx, sse, sse2, sse3, ssse3, sse4.1, sse4.2, popcnt, avx, avx2, aes, clmul, erms, rtm, 3dnowpref, lzcnt, ht, tsc, bmi1, bmi2, adx

/proc/cpuinfo:
processor	: 0
vendor_id	: GenuineIntel
cpu family	: 6
model		: 85
model name	: Intel(R) Xeon(R) Platinum 8171M CPU @ 2.60GHz
stepping	: 4
microcode	: 0xffffffff
cpu MHz		: 2095.183
cache size	: 36608 KB
physical id	: 0
siblings	: 2
core id		: 0
cpu cores	: 1
apicid		: 0
initial apicid	: 0
fpu		: yes
fpu_exception	: yes
cpuid level	: 21
wp		: yes
flags		: fpu vme de pse tsc msr pae mce cx8 apic sep mtrr pge mca cmov pat pse36 clflush mmx fxsr sse sse2 ss ht syscall nx pdpe1gb rdtscp lm constant_tsc rep_good nopl xtopology pni pclmulqdq vmx ssse3 fma cx16 pcid sse4_1 sse4_2 movbe popcnt aes xsave avx f16c rdrand hypervisor lahf_lm abm 3dnowprefetch invpcid_single kaiser tpr_shadow vnmi ept vpid fsgsbase bmi1 hle avx2 smep bmi2 erms invpcid rtm mpx avx512f avx512dq rdseed adx smap clflushopt avx512cd avx512bw avx512vl xsaveopt xsavec xsaves
bugs		: cpu_meltdown spectre_v1 spectre_v2 spec_store_bypass l1tf mds swapgs taa itlb_multihit
bogomips	: 4190.36
clflush size	: 64
cache_alignment	: 64
address sizes	: 44 bits physical, 48 bits virtual
power management:

processor	: 1
vendor_id	: GenuineIntel
cpu family	: 6
model		: 85
model name	: Intel(R) Xeon(R) Platinum 8171M CPU @ 2.60GHz
stepping	: 4
microcode	: 0xffffffff
cpu MHz		: 2095.183
cache size	: 36608 KB
physical id	: 0
siblings	: 2
core id		: 0
cpu cores	: 1
apicid		: 1
initial apicid	: 1
fpu		: yes
fpu_exception	: yes
cpuid level	: 21
wp		: yes
flags		: fpu vme de pse tsc msr pae mce cx8 apic sep mtrr pge mca cmov pat pse36 clflush mmx fxsr sse sse2 ss ht syscall nx pdpe1gb rdtscp lm constant_tsc rep_good nopl xtopology pni pclmulqdq vmx ssse3 fma cx16 pcid sse4_1 sse4_2 movbe popcnt aes xsave avx f16c rdrand hypervisor lahf_lm abm 3dnowprefetch invpcid_single kaiser tpr_shadow vnmi ept vpid fsgsbase bmi1 hle avx2 smep bmi2 erms invpcid rtm mpx avx512f avx512dq rdseed adx smap clflushopt avx512cd avx512bw avx512vl xsaveopt xsavec xsaves
bugs		: cpu_meltdown spectre_v1 spectre_v2 spec_store_bypass l1tf mds swapgs taa itlb_multihit
bogomips	: 4190.36
clflush size	: 64
cache_alignment	: 64
address sizes	: 44 bits physical, 48 bits virtual
power management:



Memory: 4k page, physical 8160948k(134316k free), swap 0k(0k free)

vm_info: OpenJDK 64-Bit Server VM (25.242-b08) for linux-amd64 JRE (1.8.0_242-8u242-b08-1~deb9u1-b08), built on Feb 10 2020 12:38:09 by "pbuilder" with gcc 6.3.0 20170516

time: Tue Apr 28 17:50:43 2020
timezone: UTC
elapsed time: 96063 seconds (1d 2h 41m 3s)

